<?xml version="1.0" encoding="UTF-8"?>
<testsuite xmlns:xsi="http://www.w3.org/2001/XMLSchema-instance" xsi:noNamespaceSchemaLocation="https://maven.apache.org/surefire/maven-surefire-plugin/xsd/surefire-test-report-3.0.xsd" version="3.0" name="com.elasticsearch.search.SearchApplicationTests" time="4.824" tests="1" errors="0" skipped="0" failures="0">
  <properties>
[...]
</properties>
  <testcase name="contextLoads" classname="com.elasticsearch.search.SearchApplicationTests" time="1.27">
    <system-out><![CDATA[11:05:50.139 [main] INFO org.springframework.test.context.support.AnnotationConfigContextLoaderUtils -- Could not detect default configuration classes for test class [com.elasticsearch.search.SearchApplicationTests]: SearchApplicationTests does not declare any static, non-private, non-final, nested classes annotated with @Configuration.
11:05:50.264 [main] INFO org.springframework.boot.test.context.SpringBootTestContextBootstrapper -- Found @SpringBootConfiguration com.elasticsearch.search.SearchApplication for test class com.elasticsearch.search.SearchApplicationTests

  .   ____          _            __ _ _
 /\\ / ___'_ __ _ _(_)_ __  __ _ \ \ \ \
( ( )\___ | '_ | '_| | '_ \/ _` | \ \ \ \
 \\/  ___)| |_)| | | | | || (_| |  ) ) ) )
  '  |____| .__|_| |_|_| |_\__, | / / / /
 =========|_|==============|___/=/_/_/_/
 :: Spring Boot ::                (v3.1.0)

2024-04-16T11:05:50.786-03:00  INFO 9554 --- [           main] c.e.search.SearchApplicationTests        : Starting SearchApplicationTests using Java 21.0.2 with PID 9554 (started by flavio in /home/flavio/Insync/fbgonzaga@gmail.com/Google Drive/Unifal/Elasticsearch/Programas/2023/search)
2024-04-16T11:05:50.788-03:00  INFO 9554 --- [           main] c.e.search.SearchApplicationTests        : No active profile set, falling back to 1 default profile: "default"
2024-04-16T11:05:53.398-03:00  INFO 9554 --- [           main] c.e.search.SearchApplicationTests        : Started SearchApplicationTests in 2.99 seconds (process running for 4.538)
]]></system-out>
    <system-err><![CDATA[WARNING: A Java agent has been loaded dynamically (/home/flavio/.m2/repository/net/bytebuddy/byte-buddy-agent/1.14.4/byte-buddy-agent-1.14.4.jar)
WARNING: If a serviceability tool is in use, please run with -XX:+EnableDynamicAgentLoading to hide this warning
WARNING: If a serviceability tool is not in use, please run with -Djdk.instrument.traceUsage for more information
WARNING: Dynamic loading of agents will be disallowed by default in a future release
]]></system-err>
  </testcase>
</testsuite>